\BOOKMARK [-1][-]{part.1}{Texte}{}% 1
\BOOKMARK [0][-]{chapter.1}{Vorwort}{part.1}% 2
\BOOKMARK [0][-]{chapter.2}{Ein\040Roman\040ohne\040Einleitung?}{part.1}% 3
\BOOKMARK [0][-]{chapter.3}{Free\040hackt\040den\040FBI-Server}{part.1}% 4
\BOOKMARK [0][-]{chapter.4}{Kleines\040Lexikon}{part.1}% 5
\BOOKMARK [1][-]{section.4.1}{Zahlen}{chapter.4}% 6
\BOOKMARK [1][-]{section.4.2}{Einheiten}{chapter.4}% 7
\BOOKMARK [0][-]{chapter.5}{Charaktere}{part.1}% 8
\BOOKMARK [1][-]{section.5.1}{Die\040Protagonisten}{chapter.5}% 9
\BOOKMARK [1][-]{section.5.2}{derair}{chapter.5}% 10
\BOOKMARK [1][-]{section.5.3}{SoulOfTheInternet}{chapter.5}% 11
\BOOKMARK [0][-]{chapter.6}{Ungenutzter\040Szenen-Entwurf}{part.1}% 12
\BOOKMARK [1][-]{section.6.1}{Vorwort}{chapter.6}% 13
\BOOKMARK [1][-]{section.6.2}{Zeitparadoxon\040im\040All}{chapter.6}% 14
\BOOKMARK [1][-]{section.6.3}{Nachwort}{chapter.6}% 15
\BOOKMARK [0][-]{chapter.7}{Kurzgeschichten}{part.1}% 16
\BOOKMARK [1][-]{section.7.1}{Einleitung}{chapter.7}% 17
\BOOKMARK [1][-]{section.7.2}{Orakels\040Adventskalender}{chapter.7}% 18
\BOOKMARK [1][-]{section.7.3}{Bahnfahrt\040mit\040der\040Seele\040des\040Internets}{chapter.7}% 19
\BOOKMARK [-1][-]{part.2}{Bilder}{}% 20
\BOOKMARK [0][-]{chapter.8}{Bl\344rg}{part.2}% 21
\BOOKMARK [0][-]{chapter.9}{Astrofotografie}{part.2}% 22
\BOOKMARK [-1][-]{part.3}{Musik}{}% 23
\BOOKMARK [0][-]{chapter.10}{Titelmelodie\040der\040Infinite\040Adventures}{part.3}% 24
\BOOKMARK [0][-]{chapter.11}{Musikliste}{part.3}% 25
\BOOKMARK [0][-]{chapter.12}{Orakels\040Zeichnungen}{part.3}% 26
\BOOKMARK [0][-]{chapter.13}{Karte\040der\040Galaxis}{part.3}% 27
\BOOKMARK [0][-]{chapter.14}{Helden\040von\040\326rz}{part.3}% 28
\BOOKMARK [0][-]{chapter.15}{Auszug:\040Original-Forenthread}{part.3}% 29
\BOOKMARK [0][-]{chapter.16}{Bildquellen}{part.3}% 30
\BOOKMARK [0][-]{chapter.17}{Lizenz\040des\040Buchinhalts}{part.3}% 31
