\BOOKMARK [1][-]{section*.2}{Erkl\344rung}{}% 1
\BOOKMARK [-1][-]{part.1}{Fort\040Knox,\040die\040Mona\040Lisa\040und\040der\040ganze\040Rest}{}% 2
\BOOKMARK [0][-]{chapter.1}{Ein\040Apfel\040mit\040Folgen}{part.1}% 3
\BOOKMARK [0][-]{chapter.2}{Von\040Mallorca\040nach\040New\040York}{part.1}% 4
\BOOKMARK [0][-]{chapter.3}{Spontaner\040Ausflug}{part.1}% 5
\BOOKMARK [0][-]{chapter.4}{Chaos\040in\040S\374dafrika}{part.1}% 6
\BOOKMARK [0][-]{chapter.5}{Die\040Chinesische\040Mauer}{part.1}% 7
\BOOKMARK [0][-]{chapter.6}{Alexandra}{part.1}% 8
\BOOKMARK [0][-]{chapter.7}{\334berfall\040auf\040Fort\040Knox}{part.1}% 9
\BOOKMARK [0][-]{chapter.8}{Die\040H\366hle\040des\040L\366wen}{part.1}% 10
\BOOKMARK [0][-]{chapter.9}{Greater\040Sudbury}{part.1}% 11
\BOOKMARK [0][-]{chapter.10}{Zugriff}{part.1}% 12
\BOOKMARK [0][-]{chapter.11}{Ein\040neuer\040Plan}{part.1}% 13
\BOOKMARK [0][-]{chapter.12}{Diebstahl\040der\040Mona\040Lisa}{part.1}% 14
\BOOKMARK [-1][-]{part.2}{Die\040Erde\040ist\040nicht\040genug}{}% 15
\BOOKMARK [0][-]{chapter.13}{Die\040Reise\040durch\040das\040Universum}{part.2}% 16
\BOOKMARK [0][-]{chapter.14}{\326rz}{part.2}% 17
\BOOKMARK [0][-]{chapter.15}{B\344n\344n\344s\040&\040\304p\366lz}{part.2}% 18
\BOOKMARK [0][-]{chapter.16}{Notruf\040im\040All}{part.2}% 19
\BOOKMARK [0][-]{chapter.17}{Scherben\040und\040geschmolzenes\040Eisen}{part.2}% 20
\BOOKMARK [0][-]{chapter.18}{Papierflieger\040mit\040Lasern}{part.2}% 21
\BOOKMARK [0][-]{chapter.19}{der\040derair}{part.2}% 22
\BOOKMARK [0][-]{chapter.20}{Island\040hat\040ein\040Problem}{part.2}% 23
\BOOKMARK [0][-]{chapter.21}{Gut\040gemeint}{part.2}% 24
\BOOKMARK [0][-]{chapter.22}{Hyperthermogeneration}{part.2}% 25
\BOOKMARK [0][-]{chapter.23}{Mad\040Island}{part.2}% 26
\BOOKMARK [0][-]{chapter.24}{Eine\040Seele\040mit\040Minderwertigkeitskomplex}{part.2}% 27
\BOOKMARK [0][-]{chapter.25}{Das\040Auge\040Gottes}{part.2}% 28
\BOOKMARK [0][-]{chapter.26}{Insurrection\040\340\040la\040\304\366\374zz}{part.2}% 29
\BOOKMARK [0][-]{chapter.27}{Thilo\040Alfred}{part.2}% 30
\BOOKMARK [0][-]{chapter.28}{Willkommen\040in\040den\040USA}{part.2}% 31
\BOOKMARK [0][-]{chapter.29}{Intermezzo}{part.2}% 32
\BOOKMARK [0][-]{chapter.30}{HPW\040Industries}{part.2}% 33
\BOOKMARK [-1][-]{part.3}{Bonusmaterial}{}% 34
\BOOKMARK [0][-]{chapter.31}{Titelmelodie\040der\040Infinite\040Adventures}{part.3}% 35
\BOOKMARK [0][-]{chapter.32}{Musikliste}{part.3}% 36
\BOOKMARK [0][-]{chapter.33}{Kleines\040Lexikon}{part.3}% 37
\BOOKMARK [0][-]{chapter.34}{Orakels\040Zeichnungen}{part.3}% 38
\BOOKMARK [0][-]{chapter.35}{Karte\040der\040Galaxis}{part.3}% 39
\BOOKMARK [0][-]{chapter.36}{Auszug:\040Original-Forenthread}{part.3}% 40
\BOOKMARK [0][-]{chapter.37}{Bildquellen}{part.3}% 41
\BOOKMARK [0][-]{chapter.38}{Lizenz\040des\040Buchinhalts}{part.3}% 42
